Watching for file changes with StatReloader
Watching for file changes with StatReloader
Watching for file changes with StatReloader
/home/sffinks/VScode/python/groups/config/urls.py changed, reloading.
/home/sffinks/VScode/python/groups/config/urls.py changed, reloading.
Watching for file changes with StatReloader
Watching for file changes with StatReloader
Internal Server Error: /
Traceback (most recent call last):
  File "/home/sffinks/VScode/python/groups/.venv/lib/python3.13/site-packages/django/core/handlers/exception.py", line 55, in inner
    response = get_response(request)
  File "/home/sffinks/VScode/python/groups/.venv/lib/python3.13/site-packages/django/core/handlers/base.py", line 220, in _get_response
    response = response.render()
  File "/home/sffinks/VScode/python/groups/.venv/lib/python3.13/site-packages/django/template/response.py", line 114, in render
    self.content = self.rendered_content
                   ^^^^^^^^^^^^^^^^^^^^^
  File "/home/sffinks/VScode/python/groups/.venv/lib/python3.13/site-packages/django/template/response.py", line 90, in rendered_content
    template = self.resolve_template(self.template_name)
  File "/home/sffinks/VScode/python/groups/.venv/lib/python3.13/site-packages/django/template/response.py", line 72, in resolve_template
    return select_template(template, using=self.using)
  File "/home/sffinks/VScode/python/groups/.venv/lib/python3.13/site-packages/django/template/loader.py", line 47, in select_template
    raise TemplateDoesNotExist(", ".join(template_name_list), chain=chain)
django.template.exceptions.TemplateDoesNotExist: index.html
Internal Server Error: /
Traceback (most recent call last):
  File "/home/sffinks/VScode/python/groups/.venv/lib/python3.13/site-packages/django/core/handlers/exception.py", line 55, in inner
    response = get_response(request)
  File "/home/sffinks/VScode/python/groups/.venv/lib/python3.13/site-packages/django/core/handlers/base.py", line 220, in _get_response
    response = response.render()
  File "/home/sffinks/VScode/python/groups/.venv/lib/python3.13/site-packages/django/template/response.py", line 114, in render
    self.content = self.rendered_content
                   ^^^^^^^^^^^^^^^^^^^^^
  File "/home/sffinks/VScode/python/groups/.venv/lib/python3.13/site-packages/django/template/response.py", line 90, in rendered_content
    template = self.resolve_template(self.template_name)
  File "/home/sffinks/VScode/python/groups/.venv/lib/python3.13/site-packages/django/template/response.py", line 72, in resolve_template
    return select_template(template, using=self.using)
  File "/home/sffinks/VScode/python/groups/.venv/lib/python3.13/site-packages/django/template/loader.py", line 47, in select_template
    raise TemplateDoesNotExist(", ".join(template_name_list), chain=chain)
django.template.exceptions.TemplateDoesNotExist: index.html
Internal Server Error: /create/
Traceback (most recent call last):
  File "/home/sffinks/VScode/python/groups/.venv/lib/python3.13/site-packages/django/core/handlers/exception.py", line 55, in inner
    response = get_response(request)
  File "/home/sffinks/VScode/python/groups/.venv/lib/python3.13/site-packages/django/core/handlers/base.py", line 220, in _get_response
    response = response.render()
  File "/home/sffinks/VScode/python/groups/.venv/lib/python3.13/site-packages/django/template/response.py", line 114, in render
    self.content = self.rendered_content
                   ^^^^^^^^^^^^^^^^^^^^^
  File "/home/sffinks/VScode/python/groups/.venv/lib/python3.13/site-packages/django/template/response.py", line 90, in rendered_content
    template = self.resolve_template(self.template_name)
  File "/home/sffinks/VScode/python/groups/.venv/lib/python3.13/site-packages/django/template/response.py", line 72, in resolve_template
    return select_template(template, using=self.using)
  File "/home/sffinks/VScode/python/groups/.venv/lib/python3.13/site-packages/django/template/loader.py", line 47, in select_template
    raise TemplateDoesNotExist(", ".join(template_name_list), chain=chain)
django.template.exceptions.TemplateDoesNotExist: create_person.html
Not Found: /favicon.ico
/home/sffinks/VScode/python/groups/apps/persons/views_simple.py changed, reloading.
Watching for file changes with StatReloader
/home/sffinks/VScode/python/groups/apps/persons/views_simple.py changed, reloading.
Watching for file changes with StatReloader
/home/sffinks/VScode/python/groups/apps/persons/views_simple.py changed, reloading.
Watching for file changes with StatReloader
Forbidden (CSRF cookie not set.): /create/
Forbidden (CSRF cookie not set.): /create/
/home/sffinks/VScode/python/groups/apps/persons/views_simple.py changed, reloading.
Watching for file changes with StatReloader
/home/sffinks/VScode/python/groups/apps/persons/views_simple.py changed, reloading.
Watching for file changes with StatReloader
Not Found: /api/persons/search/
Watching for file changes with StatReloader
